right
249
255
257
264
252
256
255
253
250
259
260
253
279
251
268
263
262
254
264
250
254
256
261
263
255
253
253
256
246
271
257
253
264
263
252
254
249
258
262
255
263
271
252
267
250
254
248
255
250
256
256
259
257
258
248
263
259
252
259
256
248
255
262
255
259
256
246
255
253
252
265
256
255
256
254
256
251
256
263
263
254
258
250
255
248
249
271
252
251
253
260
254
255
256
258
257
267
262
252
264
257
254
261
254
248
256
265
252
261
253
256
252
248
252
261
263
254
256
252
259
259
263
246
260
263
257
248
263
249
261
259
259
262
253
260
267
254
259
252
254
259
257
265
261
262
252
263
249
252
258
253
253
256
258
261
260
245
248
250
255
254
257
267
263
261
255
249
256
256
255
260
254
255
259
249
258
270
255
256
251
244
253
257
260
267
255
266
259
254
259
267
257
258
256
253
250
248
254
257
255
257
245
260
252
253
250
249
271
252
255
253
277
249
259
252
253
257
262
260
252
255
259
263
249
240
252
259
255
259
252
263
253
255
261
240
257
271
255
252
258
254
250
257
265
253
256
271
249
255
252
252
255
256
259
275
254
259
263
259
252
250
253
254
262
252
263
253
271
258
258
248
255
249
252
277
246
259
254
258
258
256
250
261
263
262
257
254
251
254
261
252
256
251
263
258
263
253
260
252
269
257
244
261
269
253
257
253
252
256
253
263
260
255
255
269
252
240
256
248
255
260
248
255
265
255
267
250
249
263
256
259
248
261
251
260
252
256
267
259
254
261
252
248
263
249
254
256
248
252
267
251
266
256
248
250
253
251
266
267
257
275
255
244
253
259
252
283
253
250
251
252
258
253
250
251
260
249
262
255
259
254
279
252
259
271
261
267
258
253
259
259
248
275
252
254
271
252
252
248
251
248
261
251
255
269
257
275
271
248
248
259
253
255
265
258
256
265
260
256
242
