right
574
602
575
575
582
582
576
630
576
597
582
593
590
599
598
584
594
579
582
582
592
581
608
587
580
589
575
584
576
580
595
584
588
585
576
589
604
590
588
581
578
598
601
575
589
580
582
611
601
577
590
580
589
588
575
583
582
595
599
583
578
594
577
604
577
585
583
583
598
603
622
578
583
579
587
576
606
579
599
602
587
590
587
578
576
589
575
588
594
586
600
606
577
620
578
579
584
596
592
604
578
582
576
593
618
582
581
584
596
576
588
578
579
586
604
591
580
577
574
614
583
587
589
581
578
600
591
575
605
579
592
590
587
580
608
578
587
606
575
591
577
581
578
581
578
589
575
595
588
594
583
581
582
585
612
579
580
592
595
583
635
588
595
586
574
580
584
574
587
594
574
598
580
574
580
620
574
607
582
585
586
597
606
586
579
579
598
581
596
582
584
580
579
586
577
594
575
587
593
577
578
593
595
602
592
576
610
586
579
593
596
590
595
579
580
587
607
599
591
581
588
592
576
577
577
584
585
591
592
585
577
603
577
581
579
584
593
591
601
588
598
587
600
576
618
580
584
585
575
592
591
591
589
591
577
580
580
592
594
616
594
602
581
594
577
600
588
582
587
591
577
587
598
578
607
581
575
582
590
579
586
580
595
587
579
603
579
586
585
586
583
579
580
596
592
578
589
579
609
591
621
578
581
588
580
585
585
593
575
609
576
580
580
574
575
602
575
583
595
578
606
595
600
590
588
579
604
586
608
583
590
592
589
582
582
581
577
585
581
588
578
604
588
600
581
593
577
583
576
606
600
581
604
588
575
594
619
578
584
580
577
597
577
582
583
586
606
589
577
577
592
598
598
578
591
578
585
612
591
587
592
594
592
585
596
582
581
581
594
588
597
581
576
582
576
581
584
592
590
618
578
593
578
579
579
596
603
584
589
588
618
578
624
577
580
583
578
581
587
589
