right
204
208
214
220
209
207
210
212
223
208
214
207
207
200
210
205
208
212
209
216
208
206
208
204
207
222
215
209
214
206
214
220
209
211
207
207
207
211
215
196
196
212
204
204
204
207
223
208
223
208
211
200
217
210
208
202
206
213
205
217
208
205
209
204
205
207
218
205
209
208
205
223
201
208
217
215
215
212
206
200
206
212
208
210
208
209
205
222
209
216
205
219
215
206
214
208
205
208
223
205
213
206
205
209
208
205
208
200
208
227
208
202
208
206
204
227
208
207
215
208
213
202
219
204
210
207
208
208
204
212
219
207
215
219
205
208
212
208
219
210
209
214
206
204
222
205
200
204
205
209
217
205
200
213
209
223
212
200
210
214
207
202
202
215
207
218
213
215
205
207
192
221
217
211
207
206
223
204
213
213
208
213
215
206
210
208
205
213
200
207
219
200
213
204
209
207
209
212
209
221
215
222
206
200
206
209
215
207
209
209
215
213
229
207
193
209
211
209
207
217
215
217
219
211
207
198
206
214
213
198
212
207
207
209
214
200
205
204
214
219
204
211
207
213
200
212
214
211
206
216
212
208
208
210
201
212
211
213
215
210
212
208
216
207
211
210
213
207
218
206
201
208
209
208
209
202
208
204
208
221
207
206
196
223
222
206
206
207
211
209
223
200
215
217
215
207
200
209
200
211
202
209
217
217
223
215
215
206
209
207
207
217
215
212
215
206
206
208
213
207
215
202
213
209
205
211
206
215
202
215
207
219
206
218
208
217
208
204
214
208
219
207
210
207
208
205
218
210
206
219
212
210
208
206
205
211
205
208
212
204
219
222
212
206
209
202
207
213
211
207
209
215
210
211
208
206
215
208
202
211
208
209
213
200
203
214
206
213
208
211
218
209
206
204
213
219
208
206
206
207
207
206
227
209
208
216
217
200
206
209
206
213
204
219
223
208
207
227
207
202
