right
184
184
183
186
185
182
176
184
181
199
176
180
191
188
189
186
177
183
205
189
203
180
186
184
183
180
186
191
185
186
183
191
182
184
182
199
190
187
189
184
185
188
190
184
187
190
176
197
186
183
191
182
188
189
187
181
188
182
187
187
183
188
184
183
191
191
188
168
184
176
186
184
185
191
184
205
199
191
183
184
182
187
189
183
183
191
185
187
195
181
168
191
178
176
190
183
198
185
189
184
187
176
195
189
188
187
180
184
176
183
202
185
180
180
186
182
187
192
183
195
187
191
182
187
182
189
185
184
187
184
176
191
191
183
190
183
191
185
187
191
185
187
189
190
189
191
183
177
191
176
184
178
184
182
185
182
190
201
184
198
185
183
182
184
180
191
197
189
187
183
182
180
191
191
180
182
187
190
184
183
191
185
186
184
187
185
191
187
197
183
176
186
183
188
190
182
184
191
181
186
184
182
190
189
176
184
180
182
187
180
183
191
187
189
188
184
181
187
183
184
191
191
187
191
189
188
187
180
189
180
185
192
189
182
188
184
182
179
180
182
207
190
182
203
185
184
186
182
187
203
187
182
185
183
182
191
187
176
191
195
186
184
182
184
202
184
199
186
182
195
190
187
184
184
182
187
182
187
198
182
191
189
182
176
191
181
183
199
183
197
187
185
183
189
178
186
181
182
182
191
184
186
187
176
193
184
189
197
185
186
191
176
176
187
184
191
191
182
188
183
182
176
191
183
187
183
187
199
185
184
176
186
189
191
189
184
187
187
184
178
182
189
184
184
176
185
186
185
203
185
199
176
182
184
187
190
191
186
185
187
182
197
184
189
184
176
183
185
181
184
191
195
197
189
183
183
187
189
181
191
180
191
183
199
185
185
184
189
178
189
194
184
185
176
195
182
176
182
185
190
186
185
187
182
181
191
183
181
184
178
186
191
185
178
183
185
188
184
191
184
