right
517
506
504
517
503
515
505
510
517
520
517
528
518
516
532
502
509
507
501
506
536
501
520
515
501
502
519
501
505
511
507
522
514
514
509
518
506
519
508
510
506
531
510
513
514
506
511
502
517
507
510
505
523
502
521
512
501
527
507
501
511
515
501
517
507
505
513
515
520
519
511
511
509
502
505
515
528
532
511
516
503
509
519
511
510
509
517
509
502
506
512
514
528
511
518
515
504
517
523
501
509
515
505
518
530
502
521
505
511
505
512
507
513
505
521
537
501
512
504
513
507
514
507
528
518
538
520
507
505
507
506
503
523
521
508
518
512
502
535
501
509
510
504
504
524
509
501
516
504
524
510
501
509
533
505
524
504
505
513
517
529
515
502
504
521
501
532
509
504
510
506
511
502
532
501
519
519
502
520
509
501
525
534
501
533
504
501
504
516
500
518
503
500
516
516
518
521
503
512
524
501
526
511
509
515
520
514
530
506
509
511
506
502
512
509
505
516
513
501
508
502
500
554
503
505
511
502
514
519
517
514
522
503
507
510
501
516
511
505
517
506
518
521
516
509
521
512
519
521
506
522
514
513
507
509
506
519
529
504
505
519
505
521
526
500
526
519
501
511
505
501
508
521
504
528
504
525
503
526
503
508
506
507
523
506
533
503
529
512
521
504
514
504
515
519
509
518
506
518
503
519
505
503
518
517
510
529
507
502
513
502
503
512
519
512
506
504
504
504
523
515
520
521
528
506
510
504
512
516
512
511
512
502
521
542
505
502
506
502
507
515
516
506
512
533
518
514
516
511
509
512
503
518
506
511
512
509
508
504
502
518
510
522
512
503
505
510
512
546
517
502
514
511
506
510
537
501
525
509
521
514
505
512
506
520
504
523
507
506
504
528
501
506
504
505
515
523
524
507
508
503
530
504
533
506
519
526
520
502
506
508
510
526
509
514
520
516
513
515
507
