right
280
295
289
282
289
293
287
288
282
282
280
280
287
291
291
282
287
286
281
286
281
280
287
286
280
293
294
280
289
280
283
280
281
285
281
287
293
295
281
299
278
285
285
288
282
299
285
287
286
272
280
283
285
281
288
287
280
286
282
281
307
285
288
287
287
281
290
282
284
299
282
292
283
280
282
281
283
280
284
283
299
281
295
291
291
287
295
281
285
307
278
287
283
290
280
295
278
285
296
281
287
290
280
281
294
280
295
287
280
289
293
280
285
285
283
286
287
294
288
284
283
291
280
303
284
291
286
299
290
288
282
278
284
280
283
285
295
283
289
289
274
283
292
281
303
287
290
291
281
280
290
293
282
280
282
282
288
281
289
276
285
276
285
287
277
281
293
299
288
292
280
284
289
293
292
289
287
284
284
290
282
285
286
294
276
297
282
285
285
280
290
282
284
284
287
281
296
281
289
276
282
299
285
285
287
280
280
301
278
295
288
281
282
286
280
282
290
283
289
288
287
281
287
280
287
287
282
286
280
291
296
298
281
287
299
287
293
286
281
298
280
276
297
280
280
284
280
282
302
280
305
284
280
299
278
280
290
307
280
301
283
281
280
295
285
295
287
280
292
280
279
283
284
280
295
285
281
305
285
285
290
281
284
286
291
293
284
281
299
286
272
301
283
283
287
274
282
293
282
291
288
280
272
289
281
281
305
282
284
290
286
278
300
285
276
289
280
286
288
294
290
295
287
289
282
274
292
280
286
280
285
291
291
281
293
278
284
288
276
283
295
295
282
289
282
286
284
305
278
291
284
288
281
280
280
287
289
282
301
281
287
281
293
280
295
282
290
286
286
301
283
289
284
284
286
284
283
298
293
280
292
303
282
280
283
281
282
284
287
286
283
287
280
291
264
284
284
287
280
284
285
285
302
290
303
291
283
281
280
292
285
280
284
284
285
288
282
281
301
278
