right
581
568
570
574
569
594
569
596
570
590
565
578
566
573
572
570
569
570
608
585
595
581
587
598
596
611
639
637
623
648
614
616
640
624
636
657
634
638
652
635
659
652
651
646
677
670
687
703
688
691
689
699
685
691
700
716
712
714
710
717
701
762
736
739
743
728
730
752
732
761
762
739
759
765
747
767
816
773
816
790
814
798
807
812
823
844
855
876
841
845
858
871
870
860
872
858
884
903
882
861
878
884
888
863
888
890
856
912
880
869
863
869
858
880
858
863
884
875
877
900
868
863
864
858
881
898
888
880
884
878
876
867
889
860
857
869
880
870
873
859
874
884
866
880
864
879
859
887
864
846
854
864
852
904
871
837
852
837
847
845
848
831
844
828
839
847
823
845
807
832
823
810
813
819
838
830
844
796
806
795
793
799
840
788
803
800
791
779
789
771
771
782
755
766
778
750
763
783
745
767
752
743
755
804
747
772
742
737
777
735
766
744
731
736
736
720
733
733
731
741
709
695
715
724
691
714
716
692
715
708
705
712
710
687
730
692
686
697
708
683
712
686
678
703
679
684
684
680
681
720
673
710
690
680
686
678
666
679
658
658
680
648
652
659
653
635
647
634
639
641
626
624
652
628
624
660
617
615
636
612
622
632
607
623
617
591
613
593
602
589
601
585
598
588
597
609
585
607
583
586
578
614
576
588
574
574
572
574
588
588
573
566
572
570
564
565
598
572
576
579
557
566
557
557
574
564
546
543
538
543
550
540
537
530
534
530
535
543
531
525
542
548
537
525
537
539
539
530
517
524
520
525
524
519
518
522
508
516
508
517
510
508
508
502
508
522
527
503
515
501
523
498
514
489
496
522
498
487
483
479
487
505
478
479
491
470
490
492
470
469
481
475
481
486
470
487
469
492
464
477
469
467
466
469
471
465
462
473
483
459
460
456
451
459
457
479
458
449
459
465
458
448
464
443
462
452
448
452
446
440
464
453
431
457
434
430
445
432
428
431
436
440
434
452
443
425
427
423
437
433
423
435
434
437
416
421
418
425
422
435
413
414
430
416
427
420
423
408
419
406
409
416
423
425
415
404
400
404
407
403
408
403
407
404
404
396
425
400
399
400
398
403
396
418
393
409
394
411
404
392
403
395
406
393
388
394
394
396
406
397
387
405
395
409
401
399
401
393
398
397
393
391
385
376
390
377
375
377
374
371
384
382
368
373
369
370
378
374
372
396
381
397
389
373
368
374
371
371
368
378
369
377
372
367
378
358
356
365
362
364
373
356
378
363
377
374
358
355
366
365
369
370
354
361
364
349
356
357
349
350
374
351
355
352
350
352
353
354
350
363
347
367
355
354
346
357
342
352
357
353
352
344
342
346
337
341
358
337
350
359
337
344
335
334
348
341
336
337
342
339
354
345
336
330
332
330
332
343
334
338
343
324
342
320
320
327
321
335
334
325
328
333
327
328
320
319
322
327
331
335
320
323
327
315
312
330
321
321
328
316
332
316
318
320
320
321
321
329
313
318
319
322
316
329
319
314
323
316
318
312
316
308
317
315
315
313
314
335
306
319
308
308
306
309
306
315
305
311
327
302
304
304
303
302
309
309
313
311
314
318
312
304
320
305
311
302
310
304
305
307
313
305
292
302
300
297
305
296
298
297
301
295
313
316
296
305
300
292
307
296
292
319
297
292
288
293
290
300
294
296
288
290
295
303
309
284
305
291
293
289
282
311
299
293
302
303
286
288
291
291
298
285
283
290
289
283
307
284
283
307
283
293
302
283
286
298
281
296
280
290
300
290
282
287
282
280
280
291
293
293
272
278
276
286
284
291
281
280
295
285
293
274
277
276
287
274
276
283
274
292
294
273
272
272
274
278
279
274
292
285
278
299
277
268
273
269
270
284
275
276
272
273
266
268
277
269
274
270
270
269
267
267
278
268
285
279
262
271
269
266
277
265
262
268
263
271
272
262
267
264
266
259
270
256
263
265
262
287
260
266
259
283
260
266
261
271
266
277
275
262
256
256
255
256
256
259
262
263
262
255
256
256
256
262
267
258
270
256
259
267
261
256
256
263
254
253
266
256
254
254
256
244
258
246
249
253
267
259
253
248
252
262
253
259
251
258
249
261
255
252
248
255
248
244
251
250
251
249
248
240
259
252
263
249
251
262
251
250
241
253
255
251
249
255
248
242
270
246
244
236
245
249
244
253
245
247
248
255
244
245
253
248
245
239
243
244
241
261
251
245
240
241
239
242
242
236
238
237
244
237
255
232
249
239
248
237
239
236
232
255
239
238
232
239
239
245
241
228
239
232
238
232
247
234
234
247
235
238
239
247
233
245
233
243
224
234
232
245
245
237
234
236
237
240
251
239
233
242
237
233
228
230
243
237
241
243
235
230
242
233
226
231
229
235
227
237
243
235
226
228
226
224
241
227
230
240
236
243
227
220
228
231
225
227
233
225
216
243
231
223
217
220
216
231
223
228
233
220
238
228
223
216
223
220
230
229
226
227
216
223
228
215
212
219
215
223
223
216
220
221
220
208
222
204
217
222
212
224
212
212
220
221
212
223
212
215
223
218
212
218
213
214
212
223
209
214
210
215
210
204
232
208
213
215
219
218
214
209
214
212
215
209
217
212
211
219
216
204
209
212
200
211
207
207
218
215
210
210
205
208
213
207
208
208
205
212
218
209
215
206
204
209
200
213
200
205
205
204
207
196
215
208
215
208
204
207
196
204
200
205
209
201
200
199
215
204
199
192
194
192
205
213
201
204
200
214
196
197
196
204
199
206
196
196
192
195
203
192
192
194
192
192
207
201
196
192
192
191
207
197
193
197
199
198
197
200
188
193
195
186
194
191
190
194
198
191
202
186
203
186
185
191
190
185
190
192
185
215
187
185
189
189
185
190
186
184
198
189
196
189
180
186
196
189
191
184
184
191
180
203
183
184
