right
530
522
531
529
520
545
535
520
556
530
520
544
533
520
545
524
522
547
537
531
540
523
525
535
518
539
528
536
545
542
521
544
531
532
545
524
526
533
529
545
538
521
523
540
521
521
538
523
528
560
523
529
546
523
553
532
518
523
547
519
552
538
520
535
530
522
528
531
534
531
524
528
532
548
559
556
528
544
530
522
526
531
528
554
546
536
526
527
520
541
533
517
539
530
519
537
536
519
544
530
523
548
522
541
545
531
538
527
525
525
530
529
544
522
534
525
543
548
529
538
526
557
519
533
533
528
524
534
527
523
567
546
540
529
523
524
523
520
528
534
527
549
549
521
537
536
529
527
525
533
555
531
559
524
525
534
525
537
534
521
532
542
523
531
523
538
527
544
522
523
535
531
540
542
530
524
534
522
523
540
535
536
531
536
530
533
528
548
540
524
546
521
526
526
528
533
547
521
558
534
524
548
525
522
526
526
524
530
537
538
533
541
520
536
523
524
535
538
522
540
534
526
532
532
539
530
522
524
537
541
535
539
522
530
541
520
540
534
524
547
529
526
533
521
552
526
524
522
544
523
527
535
528
525
531
551
522
558
522
526
527
524
521
544
539
539
544
522
529
526
524
523
533
540
539
523
530
546
552
532
550
523
540
524
528
540
527
529
538
529
521
531
544
538
525
534
524
526
533
524
535
553
535
534
532
521
541
540
523
537
523
538
533
547
522
531
524
527
522
536
560
536
550
540
538
523
526
522
531
524
537
535
526
531
534
527
537
523
524
525
532
546
534
521
531
531
523
553
539
538
529
532
523
532
526
526
534
527
528
525
545
524
535
532
527
526
531
522
559
561
535
539
525
523
525
524
544
529
525
540
549
521
528
524
528
527
534
529
544
532
533
560
522
534
524
528
523
554
537
531
533
551
520
530
538
524
532
525
521
533
521
522
550
527
559
528
536
524
531
529
