right
900
863
880
884
868
865
882
872
888
880
873
858
875
862
865
869
901
871
872
886
861
863
858
904
876
866
884
876
857
873
883
880
887
868
857
880
874
861
893
878
863
910
864
869
888
857
882
872
858
862
873
888
880
870
875
858
879
859
870
878
872
863
870
883
861
912
872
912
862
877
873
863
880
867
863
868
904
857
859
887
878
894
890
859
875
875
878
896
864
863
887
872
872
860
870
861
873
888
876
863
908
859
858
861
862
865
879
908
891
875
884
884
867
881
869
884
873
868
858
891
858
878
896
880
863
872
859
863
895
857
912
862
867
878
874
887
877
863
884
880
860
874
865
877
884
864
863
875
879
876
873
881
864
897
875
871
896
887
863
896
862
857
885
890
880
886
860
859
911
863
863
875
861
870
890
857
888
867
865
936
872
863
876
866
880
865
863
864
900
869
902
887
863
865
883
858
859
919
860
898
877
868
860
917
855
896
883
855
888
872
856
872
885
855
903
860
857
888
871
876
912
860
864
868
856
895
892
870
890
871
858
875
871
861
878
911
869
895
883
856
886
860
856
888
875
856
932
888
855
899
859
855
867
871
863
906
860
888
869
856
900
890
864
865
886
860
904
859
880
860
865
882
888
859
877
900
880
876
874
865
858
919
874
890
899
868
876
904
859
872
875
856
873
885
855
901
883
856
859
860
861
870
895
885
901
864
898
861
858
875
882
878
884
872
865
878
868
904
873
867
862
863
869
857
898
864
880
896
896
859
887
876
860
904
863
872
865
885
868
890
862
875
856
881
877
860
870
866
877
867
884
858
905
878
868
874
870
861
908
877
879
868
865
884
872
883
858
883
866
872
866
889
858
914
889
873
863
872
865
874
870
861
882
858
900
880
880
881
863
859
867
859
861
912
880
883
882
858
879
891
866
879
896
860
876
861
870
859
888
880
872
879
858
871
886
866
863
888
857
880
