right
406
398
406
404
392
391
403
402
390
413
399
407
392
392
388
396
391
399
415
392
391
399
399
384
405
393
393
401
390
397
407
397
412
394
390
394
400
402
398
401
393
411
390
398
393
389
406
415
387
389
392
390
405
398
392
390
406
405
416
400
387
397
407
389
404
405
389
403
406
388
392
388
389
407
393
391
402
389
399
386
392
407
398
390
399
410
407
414
399
392
396
397
394
413
388
390
393
400
389
405
394
401
409
400
387
393
387
392
413
392
403
397
389
397
431
394
392
394
387
404
391
401
395
399
395
410
391
400
403
399
403
398
393
393
397
393
393
397
408
400
397
388
396
399
389
395
405
389
429
413
395
389
398
390
395
410
391
404
393
401
400
386
395
392
397
391
396
389
398
402
413
400
394
399
393
397
403
408
392
402
392
403
388
409
407
391
400
388
395
390
393
388
404
391
397
401
396
393
399
395
394
388
392
392
405
405
405
405
402
404
391
418
390
399
396
395
395
394
390
399
395
390
412
392
392
393
402
397
397
389
417
405
411
395
391
391
396
399
397
399
409
397
390
398
392
397
394
395
397
402
391
404
415
395
420
403
390
395
388
394
408
400
393
395
389
402
393
396
390
415
405
397
392
407
390
392
405
392
413
386
412
392
396
391
405
388
390
396
397
415
392
402
392
411
387
410
391
394
406
396
407
400
390
388
397
395
392
387
401
395
411
403
388
390
403
391
408
395
396
398
401
390
403
397
395
398
391
394
394
406
393
387
392
394
397
404
411
401
398
401
391
386
392
410
401
401
407
395
391
397
388
410
402
391
401
390
389
410
393
386
405
393
390
396
400
388
408
395
398
395
396
392
412
391
389
401
397
410
399
400
392
425
390
395
394
397
394
395
390
397
406
397
430
390
388
396
393
392
413
395
410
411
390
399
399
388
396
411
390
393
407
391
395
398
396
388
407
388
399
415
