right
845
857
858
848
860
868
846
880
852
880
865
842
855
869
848
847
844
842
872
864
877
857
842
863
868
852
871
876
842
869
847
856
857
887
863
876
883
846
860
850
845
860
876
840
853
866
840
857
868
840
868
848
847
856
863
843
888
855
855
875
845
879
850
870
859
875
857
879
848
863
858
849
843
848
854
845
896
858
864
848
873
847
885
846
844
876
862
850
868
851
847
885
853
843
856
843
854
871
849
855
856
864
881
866
864
856
861
854
847
857
879
861
864
870
847
862
851
879
853
861
861
851
845
864
864
868
880
847
847
848
864
848
904
842
864
850
847
843
855
864
847
867
851
883
847
870
846
892
863
862
877
846
850
872
860
851
874
851
888
875
867
851
846
844
862
848
863
865
862
872
874
843
858
871
848
857
865
870
859
864
865
865
866
849
864
851
844
868
908
849
844
876
840
864
853
853
846
896
845
896
848
851
868
861
855
853
863
847
874
865
882
844
841
861
867
847
877
869
842
845
844
845
851
869
860
875
890
847
865
853
843
880
865
866
868
856
843
906
872
850
866
846
844
853
864
852
860
844
884
852
863
847
849
853
874
886
865
857
848
880
860
843
853
848
857
864
896
849
845
861
871
851
871
849
846
880
842
874
851
876
856
900
850
859
848
850
857
858
853
852
855
859
846
863
887
856
855
857
842
850
887
844
852
850
858
866
864
866
852
851
854
847
850
852
852
909
877
864
849
846
876
863
880
861
864
848
876
862
857
855
845
858
847
841
855
865
840
882
871
840
873
848
840
866
880
846
890
845
880
863
864
845
851
858
844
859
859
852
855
860
843
912
847
885
858
852
852
863
842
876
857
858
890
867
843
860
843
847
895
843
848
868
841
860
887
841
841
883
841
866
860
848
866
864
868
849
863
843
882
879
854
855
888
842
861
879
861
887
843
843
848
844
847
888
840
846
879
840
869
853
