right
334
324
331
326
338
324
329
324
332
322
322
340
331
324
329
335
324
330
326
328
335
322
334
333
334
322
329
322
329
328
350
323
329
333
322
332
320
327
326
329
322
329
323
329
331
339
333
328
324
337
323
335
343
325
332
327
329
333
356
322
327
325
320
325
326
327
325
334
332
332
322
331
325
343
326
339
335
321
338
341
331
327
324
323
325
320
347
339
321
330
326
321
320
326
321
333
351
330
344
324
326
335
334
328
332
323
325
342
329
324
333
326
331
320
348
323
330
324
324
338
320
332
327
324
330
345
322
342
323
327
328
324
322
329
322
340
347
321
332
326
321
320
355
323
320
334
325
329
324
331
322
333
322
332
327
323
330
330
324
321
338
322
326
337
326
337
323
326
336
316
345
337
321
323
328
321
320
329
321
339
326
326
343
331
322
328
335
322
328
325
335
339
338
322
345
329
325
320
337
331
327
325
322
335
320
335
335
324
329
339
322
331
324
327
332
326
331
343
327
350
336
323
325
330
324
322
346
330
343
328
320
322
325
329
330
338
325
334
332
330
325
328
325
321
330
324
335
339
335
342
335
323
327
320
335
327
322
335
322
326
321
332
331
342
320
330
340
320
332
329
341
325
335
331
342
338
336
331
327
325
322
320
334
324
330
327
331
312
324
325
324
335
327
335
326
347
322
333
328
326
329
327
329
337
327
323
341
325
328
326
336
320
325
324
325
335
326
340
330
334
330
325
327
324
326
328
333
324
328
321
331
333
339
325
323
331
324
320
337
333
321
337
322
332
322
325
328
332
322
320
324
324
332
329
337
325
339
324
333
337
335
325
331
328
327
332
339
324
326
329
324
322
320
330
327
327
335
327
326
337
322
327
332
329
337
332
325
343
330
337
320
328
323
329
328
326
323
331
341
332
347
318
334
326
325
322
330
333
331
340
325
337
329
325
337
334
331
321
333
326
