right
199
198
194
203
207
204
202
204
205
197
196
197
197
195
205
202
198
210
195
199
205
196
200
196
206
203
204
196
192
198
192
200
202
199
210
196
199
198
195
203
200
195
196
197
196
205
207
198
213
196
203
192
202
195
200
215
195
211
196
195
200
219
195
200
197
195
201
200
196
192
196
211
192
203
192
201
196
200
192
196
219
199
202
198
199
188
196
203
201
215
198
195
199
194
195
212
196
197
203
196
203
207
205
202
200
197
207
207
199
207
199
197
197
204
196
201
202
205
207
192
200
197
197
202
203
197
199
207
209
203
202
192
199
199
196
192
201
198
205
207
196
207
192
198
203
196
197
206
198
199
199
201
201
197
202
197
192
199
196
196
192
192
206
207
207
196
199
201
199
207
192
199
214
199
203
196
201
196
201
200
201
203
199
196
205
211
192
205
192
198
203
198
207
200
198
203
200
197
204
192
200
198
203
195
200
196
197
207
200
207
214
196
199
199
198
198
200
194
199
200
207
205
200
205
196
219
196
193
205
198
203
206
196
192
196
200
203
198
196
204
192
203
192
196
192
197
206
197
211
196
207
209
203
196
201
199
205
199
196
199
201
196
200
196
199
197
207
196
192
207
198
204
199
195
200
199
195
219
198
196
197
198
194
200
201
201
196
195
206
197
192
200
211
205
194
197
197
203
202
203
200
197
207
202
199
196
201
195
197
195
204
206
204
205
196
202
196
198
210
203
207
199
202
201
196
194
192
200
199
199
199
205
207
203
207
192
196
198
202
198
207
199
206
196
211
200
197
192
194
195
194
201
195
210
196
207
205
197
188
211
201
199
203
198
197
196
200
197
207
203
192
199
200
196
195
203
197
201
196
198
203
193
200
194
199
215
197
196
200
192
210
200
192
194
207
197
203
200
195
205
199
201
207
207
196
198
197
196
195
201
197
199
203
198
200
192
195
196
204
201
