right
710
712
702
721
696
725
717
698
725
699
699
720
710
694
712
696
723
730
716
698
698
696
701
706
699
736
712
716
723
699
696
724
718
718
728
718
706
715
718
695
722
695
705
702
696
696
768
700
698
722
695
703
709
710
703
744
696
744
699
699
712
718
711
711
695
696
718
694
704
701
694
703
730
713
738
714
694
708
711
695
726
723
700
711
740
695
713
736
693
717
708
693
710
702
693
740
700
693
711
695
699
712
705
700
713
696
712
705
728
719
701
698
703
714
698
744
716
709
724
715
699
701
702
693
730
698
700
704
722
703
750
697
696
718
695
715
720
705
706
738
696
726
699
713
704
714
698
708
700
721
697
695
712
705
720
703
735
697
724
702
702
697
708
708
728
730
701
715
704
708
703
738
696
714
712
699
731
699
717
717
708
695
705
697
703
711
719
732
694
699
697
699
713
713
698
712
729
712
727
714
732
715
716
699
704
721
704
709
707
704
707
714
721
700
706
697
709
716
695
720
717
707
719
709
699
722
712
737
698
704
705
709
694
732
698
693
717
697
707
699
715
700
721
695
711
712
718
710
715
702
702
708
702
710
732
718
705
733
703
701
699
713
702
711
697
709
702
695
736
701
715
700
694
697
707
697
715
717
709
732
720
696
720
726
708
718
710
699
703
718
704
697
727
697
714
703
701
701
704
714
701
724
696
745
717
704
698
705
713
717
711
708
704
701
720
703
699
727
703
712
709
697
699
719
729
713
722
699
716
701
705
698
710
709
699
706
712
714
731
711
695
727
700
700
709
715
710
720
713
713
713
708
701
703
702
697
699
718
703
703
720
707
712
700
716
707
728
720
724
703
708
715
716
706
704
716
709
710
695
722
695
694
732
697
703
723
708
713
704
698
698
717
701
710
710
736
703
728
697
701
720
712
703
703
703
698
736
714
726
698
696
698
711
697
709
717
705
725
696
695
