right
247
224
233
216
222
224
231
227
229
223
226
227
230
235
234
224
224
224
218
220
236
227
227
240
233
226
224
231
227
239
223
229
228
223
224
239
222
224
228
222
226
231
223
218
220
237
229
224
224
226
224
226
220
231
235
233
231
224
225
216
227
227
225
239
229
223
224
226
231
247
227
225
225
225
231
220
231
223
228
229
226
231
218
238
231
220
237
223
227
227
227
233
239
222
236
223
231
233
227
229
224
227
228
225
234
224
226
237
224
242
217
218
237
234
224
233
216
220
225
229
229
233
223
228
224
231
228
224
223
227
230
216
239
223
227
235
225
238
224
222
228
230
224
227
228
224
224
235
229
224
239
220
224
239
223
220
226
223
224
224
231
232
224
223
216
225
226
224
227
225
243
223
231
212
229
231
238
223
227
224
225
239
225
233
225
224
222
221
233
223
228
239
227
228
227
231
230
230
223
231
224
224
231
229
231
233
223
216
216
230
225
227
223
235
235
225
235
235
226
224
228
224
240
223
233
225
231
227
230
221
224
225
227
228
218
225
223
243
220
224
234
224
229
228
234
223
227
218
226
224
224
232
228
224
229
224
220
224
241
229
227
224
235
225
220
228
226
226
225
228
226
224
236
237
224
224
224
233
224
223
226
231
225
230
236
218
226
243
223
225
224
227
218
235
220
223
235
235
235
232
230
224
229
224
228
235
225
223
239
224
226
226
224
220
235
224
226
225
228
232
225
230
225
222
224
239
222
228
231
226
230
224
224
224
235
224
226
226
225
222
238
223
230
239
231
231
224
223
224
235
225
231
224
223
239
227
226
216
226
224
226
233
231
228
231
241
230
224
216
225
223
229
220
227
227
229
224
221
216
223
224
235
231
229
231
225
224
223
237
224
231
223
236
225
228
225
229
228
216
220
231
225
225
225
223
243
227
230
234
223
229
243
231
216
226
229
226
230
229
227
